<?xml version="1.0" encoding="UTF-8"?>
<!-- Generated by org.testng.reporters.JUnitReportReporter -->
<testsuite skipped="0" hostname="DESKTOP-S1DQQ82" name="Music.SignIn" tests="1" failures="0" timestamp="18 Jun 2018 14:39:28 GMT" time="148.311" errors="0">
  <testcase name="Excel" time="148.311" classname="Music.SignIn"/>
</testsuite> <!-- Music.SignIn -->
