<?xml version="1.0" encoding="UTF-8"?>
<!-- Generated by org.testng.reporters.JUnitReportReporter -->
<testsuite skipped="0" hostname="DESKTOP-S1DQQ82" name="Music.SignUp" tests="2" failures="0" timestamp="18 Jun 2018 10:59:03 GMT" time="119.696" errors="0">
  <testcase name="Before_Login" time="20.600" classname="Music.SignUp"/>
  <testcase name="Sign_Up" time="99.096" classname="Music.SignUp"/>
</testsuite> <!-- Music.SignUp -->
